2017-01-06 00:44:28.203  INFO 23192 --- [main] com.bank.OnlineBankApplication           : Starting OnlineBankApplication on yubraj-pokharel with PID 23192 (/home/yubraj/IdeaProjects/bankApp/target/classes started by yubraj in /home/yubraj/IdeaProjects/bankApp)
2017-01-06 00:44:28.213  INFO 23192 --- [main] com.bank.OnlineBankApplication           : No active profile set, falling back to default profiles: default
2017-01-06 00:44:29.218  INFO 23192 --- [main] ationConfigEmbeddedWebApplicationContext : Refreshing org.springframework.boot.context.embedded.AnnotationConfigEmbeddedWebApplicationContext@3ce1e309: startup date [Fri Jan 06 00:44:29 CST 2017]; root of context hierarchy
2017-01-06 00:44:32.481  INFO 23192 --- [main] trationDelegate$BeanPostProcessorChecker : Bean 'org.springframework.transaction.annotation.ProxyTransactionManagementConfiguration' of type [class org.springframework.transaction.annotation.ProxyTransactionManagementConfiguration$$EnhancerBySpringCGLIB$$7b40106] is not eligible for getting processed by all BeanPostProcessors (for example: not eligible for auto-proxying)
2017-01-06 00:44:32.583  INFO 23192 --- [main] trationDelegate$BeanPostProcessorChecker : Bean 'org.springframework.security.config.annotation.configuration.ObjectPostProcessorConfiguration' of type [class org.springframework.security.config.annotation.configuration.ObjectPostProcessorConfiguration$$EnhancerBySpringCGLIB$$a061c940] is not eligible for getting processed by all BeanPostProcessors (for example: not eligible for auto-proxying)
2017-01-06 00:44:32.607  INFO 23192 --- [main] trationDelegate$BeanPostProcessorChecker : Bean 'objectPostProcessor' of type [class org.springframework.security.config.annotation.configuration.AutowireBeanFactoryObjectPostProcessor] is not eligible for getting processed by all BeanPostProcessors (for example: not eligible for auto-proxying)
2017-01-06 00:44:32.611  INFO 23192 --- [main] trationDelegate$BeanPostProcessorChecker : Bean 'org.springframework.security.access.expression.method.DefaultMethodSecurityExpressionHandler@5a2bd7c8' of type [class org.springframework.security.access.expression.method.DefaultMethodSecurityExpressionHandler] is not eligible for getting processed by all BeanPostProcessors (for example: not eligible for auto-proxying)
2017-01-06 00:44:32.628  INFO 23192 --- [main] trationDelegate$BeanPostProcessorChecker : Bean 'org.springframework.security.config.annotation.method.configuration.GlobalMethodSecurityConfiguration' of type [class org.springframework.security.config.annotation.method.configuration.GlobalMethodSecurityConfiguration$$EnhancerBySpringCGLIB$$c5366bf2] is not eligible for getting processed by all BeanPostProcessors (for example: not eligible for auto-proxying)
2017-01-06 00:44:32.652  INFO 23192 --- [main] trationDelegate$BeanPostProcessorChecker : Bean 'methodSecurityMetadataSource' of type [class org.springframework.security.access.method.DelegatingMethodSecurityMetadataSource] is not eligible for getting processed by all BeanPostProcessors (for example: not eligible for auto-proxying)
2017-01-06 00:44:33.543  INFO 23192 --- [main] s.b.c.e.t.TomcatEmbeddedServletContainer : Tomcat initialized with port(s): 8080 (http)
2017-01-06 00:44:33.731  INFO 23192 --- [localhost-startStop-1] o.s.web.context.ContextLoader            : Root WebApplicationContext: initialization completed in 4537 ms
2017-01-06 00:44:34.164  INFO 23192 --- [localhost-startStop-1] o.s.b.w.servlet.FilterRegistrationBean   : Mapping filter: 'requestFilter' to: [/*]
2017-01-06 00:44:34.165  INFO 23192 --- [localhost-startStop-1] o.s.b.w.servlet.FilterRegistrationBean   : Mapping filter: 'characterEncodingFilter' to: [/*]
2017-01-06 00:44:34.166  INFO 23192 --- [localhost-startStop-1] o.s.b.w.servlet.FilterRegistrationBean   : Mapping filter: 'hiddenHttpMethodFilter' to: [/*]
2017-01-06 00:44:34.166  INFO 23192 --- [localhost-startStop-1] o.s.b.w.servlet.FilterRegistrationBean   : Mapping filter: 'httpPutFormContentFilter' to: [/*]
2017-01-06 00:44:34.166  INFO 23192 --- [localhost-startStop-1] o.s.b.w.servlet.FilterRegistrationBean   : Mapping filter: 'requestContextFilter' to: [/*]
2017-01-06 00:44:34.169  INFO 23192 --- [localhost-startStop-1] .s.DelegatingFilterProxyRegistrationBean : Mapping filter: 'springSecurityFilterChain' to: [/*]
2017-01-06 00:44:34.170  INFO 23192 --- [localhost-startStop-1] o.s.b.w.servlet.ServletRegistrationBean  : Mapping servlet: 'dispatcherServlet' to [/]
2017-01-06 00:44:34.664  INFO 23192 --- [main] j.LocalContainerEntityManagerFactoryBean : Building JPA container EntityManagerFactory for persistence unit 'default'
2017-01-06 00:44:34.702  INFO 23192 --- [main] o.hibernate.jpa.internal.util.LogHelper  : HHH000204: Processing PersistenceUnitInfo [
	name: default
	...]
2017-01-06 00:44:34.889  INFO 23192 --- [main] org.hibernate.Version                    : HHH000412: Hibernate Core {5.0.11.Final}
2017-01-06 00:44:34.891  INFO 23192 --- [main] org.hibernate.cfg.Environment            : HHH000206: hibernate.properties not found
2017-01-06 00:44:34.896  INFO 23192 --- [main] org.hibernate.cfg.Environment            : HHH000021: Bytecode provider name : javassist
2017-01-06 00:44:34.978  INFO 23192 --- [main] o.hibernate.annotations.common.Version   : HCANN000001: Hibernate Commons Annotations {5.0.1.Final}
2017-01-06 00:44:36.229  INFO 23192 --- [main] org.hibernate.dialect.Dialect            : HHH000400: Using dialect: org.hibernate.dialect.MySQL5Dialect
2017-01-06 00:44:37.298  INFO 23192 --- [main] org.hibernate.tool.hbm2ddl.SchemaUpdate  : HHH000228: Running hbm2ddl schema update
2017-01-06 00:44:37.667  INFO 23192 --- [main] j.LocalContainerEntityManagerFactoryBean : Initialized JPA EntityManagerFactory for persistence unit 'default'
2017-01-06 00:44:40.330  INFO 23192 --- [main] o.s.s.web.DefaultSecurityFilterChain     : Creating filter chain: org.springframework.security.web.util.matcher.AnyRequestMatcher@1, [org.springframework.security.web.context.request.async.WebAsyncManagerIntegrationFilter@7a0f06ad, org.springframework.security.web.context.SecurityContextPersistenceFilter@7ab1ad9, org.springframework.security.web.header.HeaderWriterFilter@8f4b803, org.springframework.security.web.authentication.logout.LogoutFilter@4404a6b, org.springframework.security.web.authentication.UsernamePasswordAuthenticationFilter@26f5e45d, org.springframework.security.web.savedrequest.RequestCacheAwareFilter@1bbb42b4, org.springframework.security.web.servletapi.SecurityContextHolderAwareRequestFilter@48b3b1b8, org.springframework.security.web.authentication.AnonymousAuthenticationFilter@1fa9692b, org.springframework.security.web.session.SessionManagementFilter@18483b8b, org.springframework.security.web.access.ExceptionTranslationFilter@1e6d30c0, org.springframework.security.web.access.intercept.FilterSecurityInterceptor@598778cc]
2017-01-06 00:44:40.568  INFO 23192 --- [main] s.w.s.m.m.a.RequestMappingHandlerAdapter : Looking for @ControllerAdvice: org.springframework.boot.context.embedded.AnnotationConfigEmbeddedWebApplicationContext@3ce1e309: startup date [Fri Jan 06 00:44:29 CST 2017]; root of context hierarchy
2017-01-06 00:44:40.742  INFO 23192 --- [main] s.w.s.m.m.a.RequestMappingHandlerMapping : Mapped "{[/account/primaryAccount]}" onto public java.lang.String com.bank.controller.AccountController.primaryAccount(org.springframework.ui.Model)
2017-01-06 00:44:40.744  INFO 23192 --- [main] s.w.s.m.m.a.RequestMappingHandlerMapping : Mapped "{[/account/savingsAccount]}" onto public java.lang.String com.bank.controller.AccountController.savingAccount(org.springframework.ui.Model)
2017-01-06 00:44:40.745  INFO 23192 --- [main] s.w.s.m.m.a.RequestMappingHandlerMapping : Mapped "{[/account/deposit],methods=[GET]}" onto public java.lang.String com.bank.controller.AccountController.deposit(org.springframework.ui.Model)
2017-01-06 00:44:40.745  INFO 23192 --- [main] s.w.s.m.m.a.RequestMappingHandlerMapping : Mapped "{[/account/deposit],methods=[POST]}" onto public java.lang.String com.bank.controller.AccountController.depositPost(java.lang.String,java.lang.String)
2017-01-06 00:44:40.745  INFO 23192 --- [main] s.w.s.m.m.a.RequestMappingHandlerMapping : Mapped "{[/account/withdraw],methods=[GET]}" onto public java.lang.String com.bank.controller.AccountController.withdraw(org.springframework.ui.Model)
2017-01-06 00:44:40.746  INFO 23192 --- [main] s.w.s.m.m.a.RequestMappingHandlerMapping : Mapped "{[/account/withdraw],methods=[POST]}" onto public java.lang.String com.bank.controller.AccountController.withdrawPOST(java.lang.String,java.lang.String)
2017-01-06 00:44:40.748  INFO 23192 --- [main] s.w.s.m.m.a.RequestMappingHandlerMapping : Mapped "{[/appointment/create],methods=[GET]}" onto public java.lang.String com.bank.controller.AppointmentController.createAppointment(org.springframework.ui.Model)
2017-01-06 00:44:40.748  INFO 23192 --- [main] s.w.s.m.m.a.RequestMappingHandlerMapping : Mapped "{[/appointment/create],methods=[POST]}" onto public java.lang.String com.bank.controller.AppointmentController.createAppointmentPost(com.bank.domain.Appointment,java.lang.String,org.springframework.ui.Model,java.security.Principal) throws java.text.ParseException
2017-01-06 00:44:40.750  INFO 23192 --- [main] s.w.s.m.m.a.RequestMappingHandlerMapping : Mapped "{[/]}" onto public java.lang.String com.bank.controller.HomeController.home()
2017-01-06 00:44:40.750  INFO 23192 --- [main] s.w.s.m.m.a.RequestMappingHandlerMapping : Mapped "{[/signup],methods=[GET]}" onto public java.lang.String com.bank.controller.HomeController.signup(org.springframework.ui.Model)
2017-01-06 00:44:40.751  INFO 23192 --- [main] s.w.s.m.m.a.RequestMappingHandlerMapping : Mapped "{[/signup],methods=[POST]}" onto public java.lang.String com.bank.controller.HomeController.signupPost(com.bank.domain.User,org.springframework.ui.Model)
2017-01-06 00:44:40.751  INFO 23192 --- [main] s.w.s.m.m.a.RequestMappingHandlerMapping : Mapped "{[/userFront]}" onto public java.lang.String com.bank.controller.HomeController.userFront(java.security.Principal,org.springframework.ui.Model)
2017-01-06 00:44:40.751  INFO 23192 --- [main] s.w.s.m.m.a.RequestMappingHandlerMapping : Mapped "{[/index]}" onto public java.lang.String com.bank.controller.HomeController.index()
2017-01-06 00:44:40.760  INFO 23192 --- [main] s.w.s.m.m.a.RequestMappingHandlerMapping : Mapped "{[/transfer/betweenAccounts],methods=[GET]}" onto public java.lang.String com.bank.controller.TransferController.betweenAccounts(org.springframework.ui.Model)
2017-01-06 00:44:40.760  INFO 23192 --- [main] s.w.s.m.m.a.RequestMappingHandlerMapping : Mapped "{[/transfer/betweenAccounts],methods=[POST]}" onto public java.lang.String com.bank.controller.TransferController.betweenAccountsPost(java.lang.String,java.lang.String,java.lang.String,java.security.Principal) throws java.lang.Exception
2017-01-06 00:44:40.761  INFO 23192 --- [main] s.w.s.m.m.a.RequestMappingHandlerMapping : Mapped "{[/transfer/recipient],methods=[GET]}" onto public java.lang.String com.bank.controller.TransferController.recipient(org.springframework.ui.Model,java.security.Principal)
2017-01-06 00:44:40.761  INFO 23192 --- [main] s.w.s.m.m.a.RequestMappingHandlerMapping : Mapped "{[/transfer/recipient/save],methods=[POST]}" onto public java.lang.String com.bank.controller.TransferController.recipientPost(com.bank.domain.Recipient,java.security.Principal,org.springframework.ui.Model)
2017-01-06 00:44:40.761  INFO 23192 --- [main] s.w.s.m.m.a.RequestMappingHandlerMapping : Mapped "{[/transfer/recipient/edit],methods=[GET]}" onto public java.lang.String com.bank.controller.TransferController.recipientEdit(java.lang.String,org.springframework.ui.Model,java.security.Principal)
2017-01-06 00:44:40.762  INFO 23192 --- [main] s.w.s.m.m.a.RequestMappingHandlerMapping : Mapped "{[/transfer/recipient/delete],methods=[GET]}" onto public java.lang.String com.bank.controller.TransferController.recipientDelete(java.lang.String,org.springframework.ui.Model,java.security.Principal)
2017-01-06 00:44:40.762  INFO 23192 --- [main] s.w.s.m.m.a.RequestMappingHandlerMapping : Mapped "{[/transfer/toSomeoneElse],methods=[GET]}" onto public java.lang.String com.bank.controller.TransferController.toSomeoneElse(org.springframework.ui.Model,java.security.Principal)
2017-01-06 00:44:40.762  INFO 23192 --- [main] s.w.s.m.m.a.RequestMappingHandlerMapping : Mapped "{[/transfer/toSomeoneElse],methods=[POST]}" onto public java.lang.String com.bank.controller.TransferController.toSomeoneElsePost(java.lang.String,java.lang.String,java.lang.String,java.security.Principal,org.springframework.ui.Model)
2017-01-06 00:44:40.764  INFO 23192 --- [main] s.w.s.m.m.a.RequestMappingHandlerMapping : Mapped "{[/user/profile],methods=[POST]}" onto public java.lang.String com.bank.controller.UserController.profilePost(com.bank.domain.User,org.springframework.ui.Model)
2017-01-06 00:44:40.764  INFO 23192 --- [main] s.w.s.m.m.a.RequestMappingHandlerMapping : Mapped "{[/user/profile],methods=[GET]}" onto public java.lang.String com.bank.controller.UserController.profile(java.security.Principal,org.springframework.ui.Model)
2017-01-06 00:44:40.765  INFO 23192 --- [main] s.w.s.m.m.a.RequestMappingHandlerMapping : Mapped "{[/api/appointment/all]}" onto public java.util.List<com.bank.domain.Appointment> com.bank.controller.rest.AppointmentResource.findAppointmentList()
2017-01-06 00:44:40.766  INFO 23192 --- [main] s.w.s.m.m.a.RequestMappingHandlerMapping : Mapped "{[/api/appointment/{id}/confirm]}" onto public void com.bank.controller.rest.AppointmentResource.confirmAppointment(java.lang.Long)
2017-01-06 00:44:40.768  INFO 23192 --- [main] s.w.s.m.m.a.RequestMappingHandlerMapping : Mapped "{[/api/user/all],methods=[GET]}" onto public java.util.List<com.bank.domain.User> com.bank.controller.rest.UserResource.userList()
2017-01-06 00:44:40.769  INFO 23192 --- [main] s.w.s.m.m.a.RequestMappingHandlerMapping : Mapped "{[/api/user/primary/transaction],methods=[GET]}" onto public java.util.List<com.bank.domain.PrimaryTransaction> com.bank.controller.rest.UserResource.getPrimaryTransactionList(java.lang.String)
2017-01-06 00:44:40.769  INFO 23192 --- [main] s.w.s.m.m.a.RequestMappingHandlerMapping : Mapped "{[/api/user/savings/transaction],methods=[GET]}" onto public java.util.List<com.bank.domain.SavingTransaction> com.bank.controller.rest.UserResource.getSavingsTransactionList(java.lang.String)
2017-01-06 00:44:40.770  INFO 23192 --- [main] s.w.s.m.m.a.RequestMappingHandlerMapping : Mapped "{[/api/user/{username}/enable]}" onto public void com.bank.controller.rest.UserResource.enableUser(java.lang.String)
2017-01-06 00:44:40.770  INFO 23192 --- [main] s.w.s.m.m.a.RequestMappingHandlerMapping : Mapped "{[/api/user/{username}/disable]}" onto public void com.bank.controller.rest.UserResource.diableUser(java.lang.String)
2017-01-06 00:44:40.773  INFO 23192 --- [main] s.w.s.m.m.a.RequestMappingHandlerMapping : Mapped "{[/error],produces=[text/html]}" onto public org.springframework.web.servlet.ModelAndView org.springframework.boot.autoconfigure.web.BasicErrorController.errorHtml(javax.servlet.http.HttpServletRequest,javax.servlet.http.HttpServletResponse)
2017-01-06 00:44:40.773  INFO 23192 --- [main] s.w.s.m.m.a.RequestMappingHandlerMapping : Mapped "{[/error]}" onto public org.springframework.http.ResponseEntity<java.util.Map<java.lang.String, java.lang.Object>> org.springframework.boot.autoconfigure.web.BasicErrorController.error(javax.servlet.http.HttpServletRequest)
2017-01-06 00:44:40.887  INFO 23192 --- [main] o.s.w.s.handler.SimpleUrlHandlerMapping  : Mapped URL path [/webjars/**] onto handler of type [class org.springframework.web.servlet.resource.ResourceHttpRequestHandler]
2017-01-06 00:44:40.888  INFO 23192 --- [main] o.s.w.s.handler.SimpleUrlHandlerMapping  : Mapped URL path [/**] onto handler of type [class org.springframework.web.servlet.resource.ResourceHttpRequestHandler]
2017-01-06 00:44:41.016  INFO 23192 --- [main] o.s.w.s.handler.SimpleUrlHandlerMapping  : Mapped URL path [/**/favicon.ico] onto handler of type [class org.springframework.web.servlet.resource.ResourceHttpRequestHandler]
2017-01-06 00:44:42.245  INFO 23192 --- [main] o.s.j.e.a.AnnotationMBeanExporter        : Registering beans for JMX exposure on startup
2017-01-06 00:44:42.343  INFO 23192 --- [main] s.b.c.e.t.TomcatEmbeddedServletContainer : Tomcat started on port(s): 8080 (http)
2017-01-06 00:44:42.352  INFO 23192 --- [main] com.bank.OnlineBankApplication           : Started OnlineBankApplication in 15.289 seconds (JVM running for 16.086)
2017-01-06 00:44:50.510  INFO 23192 --- [http-nio-8080-exec-1] o.s.web.servlet.DispatcherServlet        : FrameworkServlet 'dispatcherServlet': initialization started
2017-01-06 00:44:50.553  INFO 23192 --- [http-nio-8080-exec-1] o.s.web.servlet.DispatcherServlet        : FrameworkServlet 'dispatcherServlet': initialization completed in 43 ms
2017-01-06 00:44:50.641  INFO 23192 --- [http-nio-8080-exec-1] c.b.interceptor.PerformanceInterceptor   : -----------------------------------------------------------------------------
2017-01-06 00:44:50.642  INFO 23192 --- [http-nio-8080-exec-1] c.b.interceptor.PerformanceInterceptor   : Accessing URL path : /index
2017-01-06 00:44:50.643  INFO 23192 --- [http-nio-8080-exec-1] c.b.interceptor.PerformanceInterceptor   : Request processing started on : 06/44/17 at 12:44:50
2017-01-06 00:44:50.662  INFO 23192 --- [http-nio-8080-exec-1] c.b.interceptor.PerformanceInterceptor   : Request Processing ended on : 06/44/17 at 12:44:50
2017-01-06 00:44:51.435  INFO 23192 --- [http-nio-8080-exec-1] c.b.interceptor.PerformanceInterceptor   : Total time taken for processing : 794ms
2017-01-06 00:44:51.436  INFO 23192 --- [http-nio-8080-exec-1] c.b.interceptor.PerformanceInterceptor   : -----------------------------------------------------------------------------
2017-01-06 00:44:53.040  INFO 23192 --- [http-nio-8080-exec-8] c.b.interceptor.PerformanceInterceptor   : -----------------------------------------------------------------------------
2017-01-06 00:44:53.041  INFO 23192 --- [http-nio-8080-exec-8] c.b.interceptor.PerformanceInterceptor   : Accessing URL path : /index
2017-01-06 00:44:53.041  INFO 23192 --- [http-nio-8080-exec-8] c.b.interceptor.PerformanceInterceptor   : Request processing started on : 06/44/17 at 12:44:53
2017-01-06 00:44:53.043  INFO 23192 --- [http-nio-8080-exec-8] c.b.interceptor.PerformanceInterceptor   : Request Processing ended on : 06/44/17 at 12:44:53
2017-01-06 00:44:53.077  INFO 23192 --- [http-nio-8080-exec-8] c.b.interceptor.PerformanceInterceptor   : Total time taken for processing : 37ms
2017-01-06 00:44:53.078  INFO 23192 --- [http-nio-8080-exec-8] c.b.interceptor.PerformanceInterceptor   : -----------------------------------------------------------------------------
2017-01-06 00:45:13.261  INFO 23192 --- [http-nio-8080-exec-4] o.h.h.i.QueryTranslatorFactoryInitiator  : HHH000397: Using ASTQueryTranslatorFactory
2017-01-06 00:45:17.205  INFO 23192 --- [http-nio-8080-exec-6] c.b.interceptor.PerformanceInterceptor   : -----------------------------------------------------------------------------
2017-01-06 00:45:17.206  INFO 23192 --- [http-nio-8080-exec-6] c.b.interceptor.PerformanceInterceptor   : Accessing URL path : /userFront
2017-01-06 00:45:17.206  INFO 23192 --- [http-nio-8080-exec-6] c.b.interceptor.PerformanceInterceptor   : Request processing started on : 06/45/17 at 12:45:17
2017-01-06 00:45:17.306  INFO 23192 --- [http-nio-8080-exec-6] c.b.interceptor.PerformanceInterceptor   : Request Processing ended on : 06/45/17 at 12:45:17
2017-01-06 00:45:17.369  INFO 23192 --- [http-nio-8080-exec-6] c.b.interceptor.PerformanceInterceptor   : Total time taken for processing : 164ms
2017-01-06 00:45:17.369  INFO 23192 --- [http-nio-8080-exec-6] c.b.interceptor.PerformanceInterceptor   : -----------------------------------------------------------------------------
2017-01-06 00:45:36.320  INFO 23192 --- [http-nio-8080-exec-5] c.b.interceptor.PerformanceInterceptor   : -----------------------------------------------------------------------------
2017-01-06 00:45:36.320  INFO 23192 --- [http-nio-8080-exec-5] c.b.interceptor.PerformanceInterceptor   : Accessing URL path : /account/primaryAccount
2017-01-06 00:45:36.320  INFO 23192 --- [http-nio-8080-exec-5] c.b.interceptor.PerformanceInterceptor   : Request processing started on : 06/45/17 at 12:45:36
2017-01-06 00:45:36.334  INFO 23192 --- [http-nio-8080-exec-5] c.b.interceptor.PerformanceInterceptor   : Request Processing ended on : 06/45/17 at 12:45:36
2017-01-06 00:45:36.413  INFO 23192 --- [http-nio-8080-exec-5] c.b.interceptor.PerformanceInterceptor   : Total time taken for processing : 94ms
2017-01-06 00:45:36.413  INFO 23192 --- [http-nio-8080-exec-5] c.b.interceptor.PerformanceInterceptor   : -----------------------------------------------------------------------------
2017-01-06 00:45:40.818  INFO 23192 --- [http-nio-8080-exec-4] c.b.interceptor.PerformanceInterceptor   : -----------------------------------------------------------------------------
2017-01-06 00:45:40.819  INFO 23192 --- [http-nio-8080-exec-4] c.b.interceptor.PerformanceInterceptor   : Accessing URL path : /account/primaryAccount?lang=np
2017-01-06 00:45:40.820  INFO 23192 --- [http-nio-8080-exec-4] c.b.interceptor.PerformanceInterceptor   : Request processing started on : 06/45/17 at 12:45:40
2017-01-06 00:45:40.843  INFO 23192 --- [http-nio-8080-exec-4] c.b.interceptor.PerformanceInterceptor   : Request Processing ended on : 06/45/17 at 12:45:40
2017-01-06 00:45:40.857  INFO 23192 --- [http-nio-8080-exec-4] c.b.interceptor.PerformanceInterceptor   : Total time taken for processing : 39ms
2017-01-06 00:45:40.858  INFO 23192 --- [http-nio-8080-exec-4] c.b.interceptor.PerformanceInterceptor   : -----------------------------------------------------------------------------
2017-01-06 00:46:05.223  INFO 23192 --- [Thread-3] ationConfigEmbeddedWebApplicationContext : Closing org.springframework.boot.context.embedded.AnnotationConfigEmbeddedWebApplicationContext@3ce1e309: startup date [Fri Jan 06 00:44:29 CST 2017]; root of context hierarchy
2017-01-06 00:46:05.225  INFO 23192 --- [Thread-3] o.s.j.e.a.AnnotationMBeanExporter        : Unregistering JMX-exposed beans on shutdown
2017-01-06 00:46:05.233  INFO 23192 --- [Thread-3] j.LocalContainerEntityManagerFactoryBean : Closing JPA EntityManagerFactory for persistence unit 'default'
2017-01-06 00:49:16.333  INFO 18737 --- [main] com.bank.OnlineBankApplication           : Starting OnlineBankApplication on yubraj-pokharel with PID 23598 (/home/yubraj/IdeaProjects/bankApp/target/classes started by yubraj in /home/yubraj/IdeaProjects/bankApp)
2017-01-06 00:49:16.345  INFO 18737 --- [main] com.bank.OnlineBankApplication           : No active profile set, falling back to default profiles: default
2017-01-06 00:49:17.405  INFO 18737 --- [main] ationConfigEmbeddedWebApplicationContext : Refreshing org.springframework.boot.context.embedded.AnnotationConfigEmbeddedWebApplicationContext@3ce1e309: startup date [Fri Jan 06 00:49:17 CST 2017]; root of context hierarchy
2017-01-06 00:49:20.261  INFO 18737 --- [main] trationDelegate$BeanPostProcessorChecker : Bean 'org.springframework.transaction.annotation.ProxyTransactionManagementConfiguration' of type [class org.springframework.transaction.annotation.ProxyTransactionManagementConfiguration$$EnhancerBySpringCGLIB$$8894f23b] is not eligible for getting processed by all BeanPostProcessors (for example: not eligible for auto-proxying)
2017-01-06 00:49:20.345  INFO 18737 --- [main] trationDelegate$BeanPostProcessorChecker : Bean 'org.springframework.security.config.annotation.configuration.ObjectPostProcessorConfiguration' of type [class org.springframework.security.config.annotation.configuration.ObjectPostProcessorConfiguration$$EnhancerBySpringCGLIB$$2142ba75] is not eligible for getting processed by all BeanPostProcessors (for example: not eligible for auto-proxying)
2017-01-06 00:49:20.368  INFO 18737 --- [main] trationDelegate$BeanPostProcessorChecker : Bean 'objectPostProcessor' of type [class org.springframework.security.config.annotation.configuration.AutowireBeanFactoryObjectPostProcessor] is not eligible for getting processed by all BeanPostProcessors (for example: not eligible for auto-proxying)
2017-01-06 00:49:20.372  INFO 18737 --- [main] trationDelegate$BeanPostProcessorChecker : Bean 'org.springframework.security.access.expression.method.DefaultMethodSecurityExpressionHandler@7ca8d498' of type [class org.springframework.security.access.expression.method.DefaultMethodSecurityExpressionHandler] is not eligible for getting processed by all BeanPostProcessors (for example: not eligible for auto-proxying)
2017-01-06 00:49:20.390  INFO 18737 --- [main] trationDelegate$BeanPostProcessorChecker : Bean 'org.springframework.security.config.annotation.method.configuration.GlobalMethodSecurityConfiguration' of type [class org.springframework.security.config.annotation.method.configuration.GlobalMethodSecurityConfiguration$$EnhancerBySpringCGLIB$$46175d27] is not eligible for getting processed by all BeanPostProcessors (for example: not eligible for auto-proxying)
2017-01-06 00:49:20.410  INFO 18737 --- [main] trationDelegate$BeanPostProcessorChecker : Bean 'methodSecurityMetadataSource' of type [class org.springframework.security.access.method.DelegatingMethodSecurityMetadataSource] is not eligible for getting processed by all BeanPostProcessors (for example: not eligible for auto-proxying)
2017-01-06 00:49:21.302  INFO 18737 --- [main] s.b.c.e.t.TomcatEmbeddedServletContainer : Tomcat initialized with port(s): 8080 (http)
2017-01-06 00:49:21.495  INFO 18737 --- [localhost-startStop-1] o.s.web.context.ContextLoader            : Root WebApplicationContext: initialization completed in 4108 ms
2017-01-06 00:49:21.986  INFO 18737 --- [localhost-startStop-1] o.s.b.w.servlet.FilterRegistrationBean   : Mapping filter: 'requestFilter' to: [/*]
2017-01-06 00:49:21.988  INFO 18737 --- [localhost-startStop-1] o.s.b.w.servlet.FilterRegistrationBean   : Mapping filter: 'characterEncodingFilter' to: [/*]
2017-01-06 00:49:21.989  INFO 18737 --- [localhost-startStop-1] o.s.b.w.servlet.FilterRegistrationBean   : Mapping filter: 'hiddenHttpMethodFilter' to: [/*]
2017-01-06 00:49:21.989  INFO 18737 --- [localhost-startStop-1] o.s.b.w.servlet.FilterRegistrationBean   : Mapping filter: 'httpPutFormContentFilter' to: [/*]
2017-01-06 00:49:21.990  INFO 18737 --- [localhost-startStop-1] o.s.b.w.servlet.FilterRegistrationBean   : Mapping filter: 'requestContextFilter' to: [/*]
2017-01-06 00:49:21.994  INFO 18737 --- [localhost-startStop-1] .s.DelegatingFilterProxyRegistrationBean : Mapping filter: 'springSecurityFilterChain' to: [/*]
2017-01-06 00:49:21.995  INFO 18737 --- [localhost-startStop-1] o.s.b.w.servlet.ServletRegistrationBean  : Mapping servlet: 'dispatcherServlet' to [/]
2017-01-06 00:49:22.529  INFO 18737 --- [main] j.LocalContainerEntityManagerFactoryBean : Building JPA container EntityManagerFactory for persistence unit 'default'
2017-01-06 00:49:22.567  INFO 18737 --- [main] o.hibernate.jpa.internal.util.LogHelper  : HHH000204: Processing PersistenceUnitInfo [
	name: default
	...]
2017-01-06 00:49:22.715  INFO 18737 --- [main] org.hibernate.Version                    : HHH000412: Hibernate Core {5.0.11.Final}
2017-01-06 00:49:22.717  INFO 18737 --- [main] org.hibernate.cfg.Environment            : HHH000206: hibernate.properties not found
2017-01-06 00:49:22.719  INFO 18737 --- [main] org.hibernate.cfg.Environment            : HHH000021: Bytecode provider name : javassist
2017-01-06 00:49:22.805  INFO 18737 --- [main] o.hibernate.annotations.common.Version   : HCANN000001: Hibernate Commons Annotations {5.0.1.Final}
2017-01-06 00:49:23.717  INFO 18737 --- [main] org.hibernate.dialect.Dialect            : HHH000400: Using dialect: org.hibernate.dialect.MySQL5Dialect
2017-01-06 00:49:24.705  INFO 18737 --- [main] org.hibernate.tool.hbm2ddl.SchemaUpdate  : HHH000228: Running hbm2ddl schema update
2017-01-06 00:49:25.085  INFO 18737 --- [main] j.LocalContainerEntityManagerFactoryBean : Initialized JPA EntityManagerFactory for persistence unit 'default'
2017-01-06 00:49:28.161  INFO 18737 --- [main] o.s.s.web.DefaultSecurityFilterChain     : Creating filter chain: org.springframework.security.web.util.matcher.AnyRequestMatcher@1, [org.springframework.security.web.context.request.async.WebAsyncManagerIntegrationFilter@67dc6b48, org.springframework.security.web.context.SecurityContextPersistenceFilter@152e7703, org.springframework.security.web.header.HeaderWriterFilter@51a719e7, org.springframework.security.web.authentication.logout.LogoutFilter@24fc2c80, org.springframework.security.web.authentication.UsernamePasswordAuthenticationFilter@6f240187, org.springframework.security.web.savedrequest.RequestCacheAwareFilter@182e4365, org.springframework.security.web.servletapi.SecurityContextHolderAwareRequestFilter@69d667a5, org.springframework.security.web.authentication.AnonymousAuthenticationFilter@57f2e67, org.springframework.security.web.session.SessionManagementFilter@1073c664, org.springframework.security.web.access.ExceptionTranslationFilter@126a9a3d, org.springframework.security.web.access.intercept.FilterSecurityInterceptor@70c205bf]
2017-01-06 00:49:28.439  INFO 18737 --- [main] s.w.s.m.m.a.RequestMappingHandlerAdapter : Looking for @ControllerAdvice: org.springframework.boot.context.embedded.AnnotationConfigEmbeddedWebApplicationContext@3ce1e309: startup date [Fri Jan 06 00:49:17 CST 2017]; root of context hierarchy
2017-01-06 00:49:28.626  INFO 18737 --- [main] s.w.s.m.m.a.RequestMappingHandlerMapping : Mapped "{[/account/primaryAccount]}" onto public java.lang.String com.bank.controller.AccountController.primaryAccount(org.springframework.ui.Model)
2017-01-06 00:49:28.628  INFO 18737 --- [main] s.w.s.m.m.a.RequestMappingHandlerMapping : Mapped "{[/account/savingsAccount]}" onto public java.lang.String com.bank.controller.AccountController.savingAccount(org.springframework.ui.Model)
2017-01-06 00:49:28.628  INFO 18737 --- [main] s.w.s.m.m.a.RequestMappingHandlerMapping : Mapped "{[/account/deposit],methods=[GET]}" onto public java.lang.String com.bank.controller.AccountController.deposit(org.springframework.ui.Model)
2017-01-06 00:49:28.629  INFO 18737 --- [main] s.w.s.m.m.a.RequestMappingHandlerMapping : Mapped "{[/account/deposit],methods=[POST]}" onto public java.lang.String com.bank.controller.AccountController.depositPost(java.lang.String,java.lang.String)
2017-01-06 00:49:28.630  INFO 18737 --- [main] s.w.s.m.m.a.RequestMappingHandlerMapping : Mapped "{[/account/withdraw],methods=[GET]}" onto public java.lang.String com.bank.controller.AccountController.withdraw(org.springframework.ui.Model)
2017-01-06 00:49:28.632  INFO 18737 --- [main] s.w.s.m.m.a.RequestMappingHandlerMapping : Mapped "{[/account/withdraw],methods=[POST]}" onto public java.lang.String com.bank.controller.AccountController.withdrawPOST(java.lang.String,java.lang.String)
2017-01-06 00:49:28.634  INFO 18737 --- [main] s.w.s.m.m.a.RequestMappingHandlerMapping : Mapped "{[/appointment/create],methods=[GET]}" onto public java.lang.String com.bank.controller.AppointmentController.createAppointment(org.springframework.ui.Model)
2017-01-06 00:49:28.635  INFO 18737 --- [main] s.w.s.m.m.a.RequestMappingHandlerMapping : Mapped "{[/appointment/create],methods=[POST]}" onto public java.lang.String com.bank.controller.AppointmentController.createAppointmentPost(com.bank.domain.Appointment,java.lang.String,org.springframework.ui.Model,java.security.Principal) throws java.text.ParseException
2017-01-06 00:49:28.637  INFO 18737 --- [main] s.w.s.m.m.a.RequestMappingHandlerMapping : Mapped "{[/]}" onto public java.lang.String com.bank.controller.HomeController.home()
2017-01-06 00:49:28.637  INFO 18737 --- [main] s.w.s.m.m.a.RequestMappingHandlerMapping : Mapped "{[/signup],methods=[GET]}" onto public java.lang.String com.bank.controller.HomeController.signup(org.springframework.ui.Model)
2017-01-06 00:49:28.638  INFO 18737 --- [main] s.w.s.m.m.a.RequestMappingHandlerMapping : Mapped "{[/signup],methods=[POST]}" onto public java.lang.String com.bank.controller.HomeController.signupPost(com.bank.domain.User,org.springframework.ui.Model)
2017-01-06 00:49:28.638  INFO 18737 --- [main] s.w.s.m.m.a.RequestMappingHandlerMapping : Mapped "{[/userFront]}" onto public java.lang.String com.bank.controller.HomeController.userFront(java.security.Principal,org.springframework.ui.Model)
2017-01-06 00:49:28.638  INFO 18737 --- [main] s.w.s.m.m.a.RequestMappingHandlerMapping : Mapped "{[/index]}" onto public java.lang.String com.bank.controller.HomeController.index()
2017-01-06 00:49:28.649  INFO 18737 --- [main] s.w.s.m.m.a.RequestMappingHandlerMapping : Mapped "{[/transfer/betweenAccounts],methods=[GET]}" onto public java.lang.String com.bank.controller.TransferController.betweenAccounts(org.springframework.ui.Model)
2017-01-06 00:49:28.652  INFO 18737 --- [main] s.w.s.m.m.a.RequestMappingHandlerMapping : Mapped "{[/transfer/betweenAccounts],methods=[POST]}" onto public java.lang.String com.bank.controller.TransferController.betweenAccountsPost(java.lang.String,java.lang.String,java.lang.String,java.security.Principal) throws java.lang.Exception
2017-01-06 00:49:28.653  INFO 18737 --- [main] s.w.s.m.m.a.RequestMappingHandlerMapping : Mapped "{[/transfer/recipient],methods=[GET]}" onto public java.lang.String com.bank.controller.TransferController.recipient(org.springframework.ui.Model,java.security.Principal)
2017-01-06 00:49:28.653  INFO 18737 --- [main] s.w.s.m.m.a.RequestMappingHandlerMapping : Mapped "{[/transfer/recipient/save],methods=[POST]}" onto public java.lang.String com.bank.controller.TransferController.recipientPost(com.bank.domain.Recipient,java.security.Principal,org.springframework.ui.Model)
2017-01-06 00:49:28.654  INFO 18737 --- [main] s.w.s.m.m.a.RequestMappingHandlerMapping : Mapped "{[/transfer/recipient/edit],methods=[GET]}" onto public java.lang.String com.bank.controller.TransferController.recipientEdit(java.lang.String,org.springframework.ui.Model,java.security.Principal)
2017-01-06 00:49:28.654  INFO 18737 --- [main] s.w.s.m.m.a.RequestMappingHandlerMapping : Mapped "{[/transfer/recipient/delete],methods=[GET]}" onto public java.lang.String com.bank.controller.TransferController.recipientDelete(java.lang.String,org.springframework.ui.Model,java.security.Principal)
2017-01-06 00:49:28.654  INFO 18737 --- [main] s.w.s.m.m.a.RequestMappingHandlerMapping : Mapped "{[/transfer/toSomeoneElse],methods=[GET]}" onto public java.lang.String com.bank.controller.TransferController.toSomeoneElse(org.springframework.ui.Model,java.security.Principal)
2017-01-06 00:49:28.655  INFO 18737 --- [main] s.w.s.m.m.a.RequestMappingHandlerMapping : Mapped "{[/transfer/toSomeoneElse],methods=[POST]}" onto public java.lang.String com.bank.controller.TransferController.toSomeoneElsePost(java.lang.String,java.lang.String,java.lang.String,java.security.Principal,org.springframework.ui.Model)
2017-01-06 00:49:28.657  INFO 18737 --- [main] s.w.s.m.m.a.RequestMappingHandlerMapping : Mapped "{[/user/profile],methods=[POST]}" onto public java.lang.String com.bank.controller.UserController.profilePost(com.bank.domain.User,org.springframework.ui.Model)
2017-01-06 00:49:28.658  INFO 18737 --- [main] s.w.s.m.m.a.RequestMappingHandlerMapping : Mapped "{[/user/profile],methods=[GET]}" onto public java.lang.String com.bank.controller.UserController.profile(java.security.Principal,org.springframework.ui.Model)
2017-01-06 00:49:28.664  INFO 18737 --- [main] s.w.s.m.m.a.RequestMappingHandlerMapping : Mapped "{[/api/appointment/all]}" onto public java.util.List<com.bank.domain.Appointment> com.bank.controller.rest.AppointmentResource.findAppointmentList()
2017-01-06 00:49:28.669  INFO 18737 --- [main] s.w.s.m.m.a.RequestMappingHandlerMapping : Mapped "{[/api/appointment/{id}/confirm]}" onto public void com.bank.controller.rest.AppointmentResource.confirmAppointment(java.lang.Long)
2017-01-06 00:49:28.672  INFO 18737 --- [main] s.w.s.m.m.a.RequestMappingHandlerMapping : Mapped "{[/api/user/all],methods=[GET]}" onto public java.util.List<com.bank.domain.User> com.bank.controller.rest.UserResource.userList()
2017-01-06 00:49:28.672  INFO 18737 --- [main] s.w.s.m.m.a.RequestMappingHandlerMapping : Mapped "{[/api/user/primary/transaction],methods=[GET]}" onto public java.util.List<com.bank.domain.PrimaryTransaction> com.bank.controller.rest.UserResource.getPrimaryTransactionList(java.lang.String)
2017-01-06 00:49:28.673  INFO 18737 --- [main] s.w.s.m.m.a.RequestMappingHandlerMapping : Mapped "{[/api/user/savings/transaction],methods=[GET]}" onto public java.util.List<com.bank.domain.SavingTransaction> com.bank.controller.rest.UserResource.getSavingsTransactionList(java.lang.String)
2017-01-06 00:49:28.673  INFO 18737 --- [main] s.w.s.m.m.a.RequestMappingHandlerMapping : Mapped "{[/api/user/{username}/enable]}" onto public void com.bank.controller.rest.UserResource.enableUser(java.lang.String)
2017-01-06 00:49:28.674  INFO 18737 --- [main] s.w.s.m.m.a.RequestMappingHandlerMapping : Mapped "{[/api/user/{username}/disable]}" onto public void com.bank.controller.rest.UserResource.diableUser(java.lang.String)
2017-01-06 00:49:28.684  INFO 18737 --- [main] s.w.s.m.m.a.RequestMappingHandlerMapping : Mapped "{[/error],produces=[text/html]}" onto public org.springframework.web.servlet.ModelAndView org.springframework.boot.autoconfigure.web.BasicErrorController.errorHtml(javax.servlet.http.HttpServletRequest,javax.servlet.http.HttpServletResponse)
2017-01-06 00:49:28.685  INFO 18737 --- [main] s.w.s.m.m.a.RequestMappingHandlerMapping : Mapped "{[/error]}" onto public org.springframework.http.ResponseEntity<java.util.Map<java.lang.String, java.lang.Object>> org.springframework.boot.autoconfigure.web.BasicErrorController.error(javax.servlet.http.HttpServletRequest)
2017-01-06 00:49:28.812  INFO 18737 --- [main] o.s.w.s.handler.SimpleUrlHandlerMapping  : Mapped URL path [/webjars/**] onto handler of type [class org.springframework.web.servlet.resource.ResourceHttpRequestHandler]
2017-01-06 00:49:28.812  INFO 18737 --- [main] o.s.w.s.handler.SimpleUrlHandlerMapping  : Mapped URL path [/**] onto handler of type [class org.springframework.web.servlet.resource.ResourceHttpRequestHandler]
2017-01-06 00:49:28.912  INFO 18737 --- [main] o.s.w.s.handler.SimpleUrlHandlerMapping  : Mapped URL path [/**/favicon.ico] onto handler of type [class org.springframework.web.servlet.resource.ResourceHttpRequestHandler]
2017-01-06 00:49:30.112  INFO 18737 --- [main] o.s.j.e.a.AnnotationMBeanExporter        : Registering beans for JMX exposure on startup
2017-01-06 00:49:30.212  INFO 18737 --- [main] s.b.c.e.t.TomcatEmbeddedServletContainer : Tomcat started on port(s): 8080 (http)
2017-01-06 00:49:30.220  INFO 18737 --- [main] com.bank.OnlineBankApplication           : Started OnlineBankApplication in 14.903 seconds (JVM running for 15.693)
2017-01-06 00:49:45.334  INFO 18737 --- [http-nio-8080-exec-1] o.s.web.servlet.DispatcherServlet        : FrameworkServlet 'dispatcherServlet': initialization started
2017-01-06 00:49:45.363  INFO 18737 --- [http-nio-8080-exec-1] o.s.web.servlet.DispatcherServlet        : FrameworkServlet 'dispatcherServlet': initialization completed in 29 ms
2017-01-06 00:49:45.541  INFO 18737 --- [http-nio-8080-exec-2] c.b.interceptor.PerformanceInterceptor   : -----------------------------------------------------------------------------
2017-01-06 00:49:45.542  INFO 18737 --- [http-nio-8080-exec-2] c.b.interceptor.PerformanceInterceptor   : Accessing URL path : /index
2017-01-06 00:49:45.543  INFO 18737 --- [http-nio-8080-exec-2] c.b.interceptor.PerformanceInterceptor   : Request processing started on : 06/49/17 at 12:49:45
2017-01-06 00:49:45.566  INFO 18737 --- [http-nio-8080-exec-2] c.b.interceptor.PerformanceInterceptor   : Request Processing ended on : 06/49/17 at 12:49:45
2017-01-06 00:49:46.136  INFO 18737 --- [http-nio-8080-exec-2] c.b.interceptor.PerformanceInterceptor   : Total time taken for processing : 595ms
2017-01-06 00:49:46.158  INFO 18737 --- [http-nio-8080-exec-2] c.b.interceptor.PerformanceInterceptor   : -----------------------------------------------------------------------------
2017-01-06 00:50:31.265  INFO 18737 --- [Thread-3] ationConfigEmbeddedWebApplicationContext : Closing org.springframework.boot.context.embedded.AnnotationConfigEmbeddedWebApplicationContext@3ce1e309: startup date [Fri Jan 06 00:49:17 CST 2017]; root of context hierarchy
2017-01-06 00:50:31.268  INFO 18737 --- [Thread-3] o.s.j.e.a.AnnotationMBeanExporter        : Unregistering JMX-exposed beans on shutdown
2017-01-06 00:50:31.276  INFO 18737 --- [Thread-3] j.LocalContainerEntityManagerFactoryBean : Closing JPA EntityManagerFactory for persistence unit 'default'
